c:\users\cooper\desktop\dela8679-assignments\03_card\debug\03_card.pch
c:\users\cooper\desktop\dela8679-assignments\03_card\debug\vc141.pdb
c:\users\cooper\desktop\dela8679-assignments\03_card\debug\vc141.idb
c:\users\cooper\desktop\dela8679-assignments\03_card\debug\stdafx.obj
c:\users\cooper\desktop\dela8679-assignments\03_card\debug\card.obj
c:\users\cooper\desktop\dela8679-assignments\03_card\debug\carddriver.obj
c:\users\cooper\desktop\dela8679-assignments\03_card\debug\deck.obj
c:\users\cooper\desktop\dela8679-assignments\debug\03_card.exe
c:\users\cooper\desktop\dela8679-assignments\debug\03_card.ilk
c:\users\cooper\desktop\dela8679-assignments\debug\03_card.pdb
c:\users\cooper\desktop\dela8679-assignments\03_card\debug\03_card.tlog\cl.command.1.tlog
c:\users\cooper\desktop\dela8679-assignments\03_card\debug\03_card.tlog\cl.read.1.tlog
c:\users\cooper\desktop\dela8679-assignments\03_card\debug\03_card.tlog\cl.write.1.tlog
c:\users\cooper\desktop\dela8679-assignments\03_card\debug\03_card.tlog\link-cvtres.read.1.tlog
c:\users\cooper\desktop\dela8679-assignments\03_card\debug\03_card.tlog\link-cvtres.write.1.tlog
c:\users\cooper\desktop\dela8679-assignments\03_card\debug\03_card.tlog\link-rc.read.1.tlog
c:\users\cooper\desktop\dela8679-assignments\03_card\debug\03_card.tlog\link-rc.write.1.tlog
c:\users\cooper\desktop\dela8679-assignments\03_card\debug\03_card.tlog\link.912-cvtres.read.1.tlog
c:\users\cooper\desktop\dela8679-assignments\03_card\debug\03_card.tlog\link.912-cvtres.write.1.tlog
c:\users\cooper\desktop\dela8679-assignments\03_card\debug\03_card.tlog\link.912-rc.read.1.tlog
c:\users\cooper\desktop\dela8679-assignments\03_card\debug\03_card.tlog\link.912-rc.write.1.tlog
c:\users\cooper\desktop\dela8679-assignments\03_card\debug\03_card.tlog\link.912.read.1.tlog
c:\users\cooper\desktop\dela8679-assignments\03_card\debug\03_card.tlog\link.912.write.1.tlog
c:\users\cooper\desktop\dela8679-assignments\03_card\debug\03_card.tlog\link.command.1.tlog
c:\users\cooper\desktop\dela8679-assignments\03_card\debug\03_card.tlog\link.read.1.tlog
c:\users\cooper\desktop\dela8679-assignments\03_card\debug\03_card.tlog\link.write.1.tlog
